[INFO ] 2022-10-31 17:18:53.594 [http-bio-8080-exec-2] TransactionController - Begin transaction post request.
[INFO ] 2022-10-31 17:18:53.603 [http-bio-8080-exec-2] TransactionController - Raw request data {
    "transactionId": 2,
    "trace": 1,
    "name": "1",
    "amount": 10000,
    "payDate": "2022-10-31 15:19:49"
}
[INFO ] 2022-10-31 17:18:53.647 [http-bio-8080-exec-2] TransactionServiceImpl - Begin createTransaction.
[INFO ] 2022-10-31 17:18:53.650 [http-bio-8080-exec-2] RabbitMQConfiguration - Connection creating...
[DEBUG] 2022-10-31 17:18:53.693 [http-bio-8080-exec-2] ConsumerWorkService - Creating executor service with 16 thread(s) for consumer work service
[INFO ] 2022-10-31 17:18:53.794 [http-bio-8080-exec-2] RabbitMQConfiguration - Connection created.
[INFO ] 2022-10-31 17:18:53.805 [http-bio-8080-exec-2] RabbitMQConfiguration - Channel created.
[INFO ] 2022-10-31 17:18:53.806 [http-bio-8080-exec-2] RabbitMQConfiguration - Begin call.
[INFO ] 2022-10-31 17:18:53.815 [http-bio-8080-exec-2] RabbitMQConfiguration - Reply queue setup.
[INFO ] 2022-10-31 17:18:53.827 [http-bio-8080-exec-2] RabbitMQConfiguration - Transaction sending...
[INFO ] 2022-10-31 17:18:53.840 [http-bio-8080-exec-2] RabbitMQConfiguration - Waiting for reply...
[INFO ] 2022-10-31 17:18:54.068 [pool-2-thread-4] RabbitMQConfiguration - Response received.
[INFO ] 2022-10-31 17:18:54.075 [pool-2-thread-4] RabbitMQConfiguration - Completer completed
[INFO ] 2022-10-31 17:18:54.133 [http-bio-8080-exec-2] RabbitMQConfiguration - Client close.
[INFO ] 2022-10-31 17:18:54.141 [http-bio-8080-exec-2] TransactionController - Response sent.
[INFO ] 2022-10-31 17:20:28.721 [http-bio-8080-exec-5] TransactionController - Begin transaction post request.
[INFO ] 2022-10-31 17:20:28.721 [http-bio-8080-exec-5] TransactionController - Raw request data {
    "transactionId": 2,
    "trace": 1,
    "name": "1",
    "amount": 10000,
    "payDate": "2022-10-31 17:19:49"
}
[INFO ] 2022-10-31 17:20:28.726 [http-bio-8080-exec-5] TransactionServiceImpl - Begin createTransaction.
[INFO ] 2022-10-31 17:20:28.727 [http-bio-8080-exec-5] RabbitMQConfiguration - Connection creating...
[DEBUG] 2022-10-31 17:20:28.730 [http-bio-8080-exec-5] ConsumerWorkService - Creating executor service with 16 thread(s) for consumer work service
[INFO ] 2022-10-31 17:20:28.743 [http-bio-8080-exec-5] RabbitMQConfiguration - Connection created.
[INFO ] 2022-10-31 17:20:28.746 [http-bio-8080-exec-5] RabbitMQConfiguration - Channel created.
[INFO ] 2022-10-31 17:20:28.747 [http-bio-8080-exec-5] RabbitMQConfiguration - Begin call.
[INFO ] 2022-10-31 17:20:28.762 [http-bio-8080-exec-5] RabbitMQConfiguration - Reply queue setup.
[INFO ] 2022-10-31 17:20:28.762 [http-bio-8080-exec-5] RabbitMQConfiguration - Transaction sending...
[INFO ] 2022-10-31 17:20:28.769 [http-bio-8080-exec-5] RabbitMQConfiguration - Waiting for reply...
[INFO ] 2022-10-31 17:20:28.797 [pool-4-thread-4] RabbitMQConfiguration - Response received.
[INFO ] 2022-10-31 17:20:28.797 [pool-4-thread-4] RabbitMQConfiguration - Completer completed
[INFO ] 2022-10-31 17:20:28.851 [http-bio-8080-exec-5] RabbitMQConfiguration - Client close.
[INFO ] 2022-10-31 17:20:28.853 [http-bio-8080-exec-5] TransactionController - Response sent.
[INFO ] 2022-10-31 17:20:34.687 [http-bio-8080-exec-6] TransactionController - Begin transaction post request.
[INFO ] 2022-10-31 17:20:34.688 [http-bio-8080-exec-6] TransactionController - Raw request data {
    "transactionId": 2,
    "trace": 1,
    "name": "1",
    "amount": 10000,
    "payDate": "2022-10-31 17:19:49"
}
[INFO ] 2022-10-31 17:20:34.690 [http-bio-8080-exec-6] TransactionServiceImpl - Begin createTransaction.
[INFO ] 2022-10-31 17:20:34.691 [http-bio-8080-exec-6] RabbitMQConfiguration - Connection creating...
[DEBUG] 2022-10-31 17:20:34.693 [http-bio-8080-exec-6] ConsumerWorkService - Creating executor service with 16 thread(s) for consumer work service
[INFO ] 2022-10-31 17:20:34.699 [http-bio-8080-exec-6] RabbitMQConfiguration - Connection created.
[INFO ] 2022-10-31 17:20:34.701 [http-bio-8080-exec-6] RabbitMQConfiguration - Channel created.
[INFO ] 2022-10-31 17:20:34.701 [http-bio-8080-exec-6] RabbitMQConfiguration - Begin call.
[INFO ] 2022-10-31 17:20:34.708 [http-bio-8080-exec-6] RabbitMQConfiguration - Reply queue setup.
[INFO ] 2022-10-31 17:20:34.709 [http-bio-8080-exec-6] RabbitMQConfiguration - Transaction sending...
[INFO ] 2022-10-31 17:20:34.711 [http-bio-8080-exec-6] RabbitMQConfiguration - Waiting for reply...
[INFO ] 2022-10-31 17:20:34.720 [pool-6-thread-4] RabbitMQConfiguration - Response received.
[INFO ] 2022-10-31 17:20:34.720 [pool-6-thread-4] RabbitMQConfiguration - Completer completed
[INFO ] 2022-10-31 17:20:34.768 [http-bio-8080-exec-6] RabbitMQConfiguration - Client close.
[INFO ] 2022-10-31 17:20:34.770 [http-bio-8080-exec-6] TransactionController - Response sent.
[INFO ] 2022-10-31 17:48:31.982 [http-bio-8080-exec-9] TransactionController - Begin transaction post request.
[INFO ] 2022-10-31 17:48:31.984 [http-bio-8080-exec-9] TransactionController - Raw request data {
    "transactionId": 2,
    "trace": 1,
    "name": "1",
    "amount": 10000,
    "payDate": "2022-10-31 17:19:49"
}
[INFO ] 2022-10-31 17:48:31.986 [http-bio-8080-exec-9] TransactionServiceImpl - Begin createTransaction.
[INFO ] 2022-10-31 17:48:31.987 [http-bio-8080-exec-9] RabbitMQConfiguration - Connection creating...
[DEBUG] 2022-10-31 17:48:31.990 [http-bio-8080-exec-9] ConsumerWorkService - Creating executor service with 16 thread(s) for consumer work service
[INFO ] 2022-10-31 17:48:32.002 [http-bio-8080-exec-9] RabbitMQConfiguration - Connection created.
[INFO ] 2022-10-31 17:48:32.004 [http-bio-8080-exec-9] RabbitMQConfiguration - Channel created.
[INFO ] 2022-10-31 17:48:32.005 [http-bio-8080-exec-9] RabbitMQConfiguration - Begin call.
[INFO ] 2022-10-31 17:48:32.010 [http-bio-8080-exec-9] RabbitMQConfiguration - Reply queue setup.
[INFO ] 2022-10-31 17:48:32.011 [http-bio-8080-exec-9] RabbitMQConfiguration - Transaction sending...
[INFO ] 2022-10-31 17:48:32.012 [http-bio-8080-exec-9] RabbitMQConfiguration - Waiting for reply...
[INFO ] 2022-10-31 17:48:32.170 [pool-8-thread-4] RabbitMQConfiguration - Response received.
[INFO ] 2022-10-31 17:48:32.171 [pool-8-thread-4] RabbitMQConfiguration - Completer completed
[INFO ] 2022-10-31 17:48:32.183 [http-bio-8080-exec-9] RabbitMQConfiguration - Client close.
[INFO ] 2022-10-31 17:48:32.185 [http-bio-8080-exec-9] TransactionController - Response sent.
[INFO ] 2022-10-31 17:49:20.668 [http-bio-8080-exec-10] TransactionController - Begin transaction post request.
[INFO ] 2022-10-31 17:49:20.670 [http-bio-8080-exec-10] TransactionController - Raw request data {
    "transactionId": 2,
    "trace": 1,
    "name": "1",
    "amount": 10000,
    "payDate": "2022-10-31 17:19:49"
}
[INFO ] 2022-10-31 17:49:20.671 [http-bio-8080-exec-10] TransactionServiceImpl - Begin createTransaction.
[INFO ] 2022-10-31 17:49:20.671 [http-bio-8080-exec-10] RabbitMQConfiguration - Connection creating...
[DEBUG] 2022-10-31 17:49:20.675 [http-bio-8080-exec-10] ConsumerWorkService - Creating executor service with 16 thread(s) for consumer work service
[INFO ] 2022-10-31 17:49:20.687 [http-bio-8080-exec-10] RabbitMQConfiguration - Connection created.
[INFO ] 2022-10-31 17:49:20.689 [http-bio-8080-exec-10] RabbitMQConfiguration - Channel created.
[INFO ] 2022-10-31 17:49:20.692 [http-bio-8080-exec-10] RabbitMQConfiguration - Begin call.
[INFO ] 2022-10-31 17:49:20.702 [http-bio-8080-exec-10] RabbitMQConfiguration - Reply queue setup.
[INFO ] 2022-10-31 17:49:20.702 [http-bio-8080-exec-10] RabbitMQConfiguration - Transaction sending...
[INFO ] 2022-10-31 17:49:20.704 [http-bio-8080-exec-10] RabbitMQConfiguration - Waiting for reply...
[INFO ] 2022-10-31 17:49:20.713 [pool-10-thread-4] RabbitMQConfiguration - Response received.
[INFO ] 2022-10-31 17:49:20.714 [pool-10-thread-4] RabbitMQConfiguration - Completer completed
[INFO ] 2022-10-31 17:49:20.765 [http-bio-8080-exec-10] RabbitMQConfiguration - Client close.
[INFO ] 2022-10-31 17:49:20.767 [http-bio-8080-exec-10] TransactionController - Response sent.
[INFO ] 2022-10-31 17:49:28.141 [http-bio-8080-exec-10] TransactionController - Begin transaction post request.
[INFO ] 2022-10-31 17:49:28.142 [http-bio-8080-exec-10] TransactionController - Raw request data {
    "transactionId": 2,
    "trace": 1,
    "name": "1",
    "amount": 10000,
    "payDate": "2022-10-31 17:19:49"
}
[INFO ] 2022-10-31 17:49:28.145 [http-bio-8080-exec-10] TransactionServiceImpl - Begin createTransaction.
[INFO ] 2022-10-31 17:49:28.146 [http-bio-8080-exec-10] RabbitMQConfiguration - Connection creating...
[DEBUG] 2022-10-31 17:49:28.147 [http-bio-8080-exec-10] ConsumerWorkService - Creating executor service with 16 thread(s) for consumer work service
[INFO ] 2022-10-31 17:49:28.160 [http-bio-8080-exec-10] RabbitMQConfiguration - Connection created.
[INFO ] 2022-10-31 17:49:28.162 [http-bio-8080-exec-10] RabbitMQConfiguration - Channel created.
[INFO ] 2022-10-31 17:49:28.162 [http-bio-8080-exec-10] RabbitMQConfiguration - Begin call.
[INFO ] 2022-10-31 17:49:28.170 [http-bio-8080-exec-10] RabbitMQConfiguration - Reply queue setup.
[INFO ] 2022-10-31 17:49:28.170 [http-bio-8080-exec-10] RabbitMQConfiguration - Transaction sending...
[INFO ] 2022-10-31 17:49:28.171 [http-bio-8080-exec-10] RabbitMQConfiguration - Waiting for reply...
[INFO ] 2022-10-31 17:49:28.368 [pool-12-thread-4] RabbitMQConfiguration - Response received.
[INFO ] 2022-10-31 17:49:28.369 [pool-12-thread-4] RabbitMQConfiguration - Completer completed
[INFO ] 2022-10-31 17:49:28.376 [http-bio-8080-exec-10] RabbitMQConfiguration - Client close.
[INFO ] 2022-10-31 17:49:28.378 [http-bio-8080-exec-10] TransactionController - Response sent.
[INFO ] 2022-10-31 18:10:56.585 [http-bio-8080-exec-2] TransactionController - Begin transaction post request.
[INFO ] 2022-10-31 18:10:56.601 [http-bio-8080-exec-2] TransactionController - Raw request data {
    "transactionId": 2,
    "trace": 1,
    "name": "1",
    "amount": 10000,
    "payDate": "2022-10-31 17:19:49"
}
[INFO ] 2022-10-31 18:10:56.648 [http-bio-8080-exec-2] TransactionServiceImpl - Begin createTransaction.
[ERROR] 2022-10-31 18:10:56.649 [http-bio-8080-exec-2] TransactionController - null
[INFO ] 2022-10-31 18:17:22.664 [http-bio-8080-exec-5] TransactionController - Begin transaction post request.
[INFO ] 2022-10-31 18:17:22.665 [http-bio-8080-exec-5] TransactionController - Raw request data {
    "transactionId": 2,
    "trace": 1,
    "name": "1",
    "amount": 10000,
    "payDate": "2022-10-31 17:19:49"
}
[INFO ] 2022-10-31 18:17:22.667 [http-bio-8080-exec-5] TransactionServiceImpl - Begin createTransaction.
[ERROR] 2022-10-31 18:17:22.668 [http-bio-8080-exec-5] TransactionController - null
[INFO ] 2022-10-31 18:24:11.668 [http-bio-8080-exec-9] TransactionController - Begin transaction post request.
[INFO ] 2022-10-31 18:24:11.669 [http-bio-8080-exec-9] TransactionController - Raw request data {
    "transactionId": 2,
    "trace": 1,
    "name": "1",
    "amount": 10000,
    "payDate": "2022-10-31 17:19:49"
}
[INFO ] 2022-10-31 18:24:11.670 [http-bio-8080-exec-9] TransactionServiceImpl - Begin createTransaction.
[ERROR] 2022-10-31 18:24:11.671 [http-bio-8080-exec-9] TransactionController - null
[INFO ] 2022-10-31 18:25:50.467 [http-bio-8080-exec-2] TransactionController - Begin transaction post request.
[INFO ] 2022-10-31 18:25:50.476 [http-bio-8080-exec-2] TransactionController - Raw request data {
    "transactionId": 2,
    "trace": 1,
    "name": "1",
    "amount": 10000,
    "payDate": "2022-10-31 17:19:49"
}
[INFO ] 2022-10-31 18:25:50.523 [http-bio-8080-exec-2] TransactionServiceImpl - Begin createTransaction.
[INFO ] 2022-10-31 18:25:50.525 [http-bio-8080-exec-2] RabbitMQConfiguration - Connection creating...
[DEBUG] 2022-10-31 18:25:50.580 [http-bio-8080-exec-2] ConsumerWorkService - Creating executor service with 16 thread(s) for consumer work service
[INFO ] 2022-10-31 18:25:50.645 [http-bio-8080-exec-2] RabbitMQConfiguration - Connection created.
[INFO ] 2022-10-31 18:25:50.661 [http-bio-8080-exec-2] RabbitMQConfiguration - Channel created.
[INFO ] 2022-10-31 18:25:50.662 [http-bio-8080-exec-2] RabbitMQConfiguration - Begin call.
[INFO ] 2022-10-31 18:25:50.671 [http-bio-8080-exec-2] RabbitMQConfiguration - Reply queue setup.
[INFO ] 2022-10-31 18:25:50.679 [http-bio-8080-exec-2] RabbitMQConfiguration - Transaction sending...
[INFO ] 2022-10-31 18:25:50.691 [http-bio-8080-exec-2] RabbitMQConfiguration - Waiting for reply...
[INFO ] 2022-10-31 18:25:50.694 [pool-2-thread-4] RabbitMQConfiguration - Response received.
[INFO ] 2022-10-31 18:25:50.703 [pool-2-thread-4] RabbitMQConfiguration - Completer completed
[INFO ] 2022-10-31 18:25:50.733 [http-bio-8080-exec-2] RabbitMQConfiguration - Client close.
[INFO ] 2022-10-31 18:25:50.750 [http-bio-8080-exec-2] TransactionController - Response sent.
[INFO ] 2022-10-31 18:26:27.241 [http-bio-8080-exec-3] TransactionController - Begin transaction post request.
[INFO ] 2022-10-31 18:26:27.242 [http-bio-8080-exec-3] TransactionController - Raw request data {
    "transactionId": 2,
    "trace": 1,
    "name": "1",
    "amount": 10000,
    "payDate": "2022-10-31 17:19:49"
}
[INFO ] 2022-10-31 18:26:27.244 [http-bio-8080-exec-3] TransactionServiceImpl - Begin createTransaction.
[INFO ] 2022-10-31 18:26:27.245 [http-bio-8080-exec-3] RabbitMQConfiguration - Connection creating...
[DEBUG] 2022-10-31 18:26:27.246 [http-bio-8080-exec-3] ConsumerWorkService - Creating executor service with 16 thread(s) for consumer work service
[INFO ] 2022-10-31 18:26:27.257 [http-bio-8080-exec-3] RabbitMQConfiguration - Connection created.
[INFO ] 2022-10-31 18:26:27.258 [http-bio-8080-exec-3] RabbitMQConfiguration - Channel created.
[INFO ] 2022-10-31 18:26:27.259 [http-bio-8080-exec-3] RabbitMQConfiguration - Begin call.
[INFO ] 2022-10-31 18:26:27.268 [http-bio-8080-exec-3] RabbitMQConfiguration - Reply queue setup.
[INFO ] 2022-10-31 18:26:27.268 [http-bio-8080-exec-3] RabbitMQConfiguration - Transaction sending...
[INFO ] 2022-10-31 18:26:27.270 [http-bio-8080-exec-3] RabbitMQConfiguration - Waiting for reply...
[INFO ] 2022-10-31 18:26:27.445 [pool-4-thread-4] RabbitMQConfiguration - Response received.
[INFO ] 2022-10-31 18:26:27.446 [pool-4-thread-4] RabbitMQConfiguration - Completer completed
[INFO ] 2022-10-31 18:26:27.457 [http-bio-8080-exec-3] RabbitMQConfiguration - Client close.
[INFO ] 2022-10-31 18:26:27.459 [http-bio-8080-exec-3] TransactionController - Response sent.
[INFO ] 2022-10-31 18:26:51.477 [http-bio-8080-exec-4] TransactionController - Begin transaction post request.
[INFO ] 2022-10-31 18:26:51.478 [http-bio-8080-exec-4] TransactionController - Raw request data {
    "transactionId": 2,
    "trace": 1,
    "name": "1",
    "amount": 10000,
    "payDate": "2022-10-31 17:19:49"
}
[INFO ] 2022-10-31 18:26:51.480 [http-bio-8080-exec-4] TransactionServiceImpl - Begin createTransaction.
[INFO ] 2022-10-31 18:26:51.480 [http-bio-8080-exec-4] RabbitMQConfiguration - Connection creating...
[DEBUG] 2022-10-31 18:26:51.482 [http-bio-8080-exec-4] ConsumerWorkService - Creating executor service with 16 thread(s) for consumer work service
[INFO ] 2022-10-31 18:26:51.492 [http-bio-8080-exec-4] RabbitMQConfiguration - Connection created.
[INFO ] 2022-10-31 18:26:51.493 [http-bio-8080-exec-4] RabbitMQConfiguration - Channel created.
[INFO ] 2022-10-31 18:26:51.495 [http-bio-8080-exec-4] RabbitMQConfiguration - Begin call.
[INFO ] 2022-10-31 18:26:51.501 [http-bio-8080-exec-4] RabbitMQConfiguration - Reply queue setup.
[INFO ] 2022-10-31 18:26:51.502 [http-bio-8080-exec-4] RabbitMQConfiguration - Transaction sending...
[INFO ] 2022-10-31 18:26:51.504 [http-bio-8080-exec-4] RabbitMQConfiguration - Waiting for reply...
[INFO ] 2022-10-31 18:31:32.088 [http-bio-8080-exec-2] TransactionController - Begin transaction post request.
[INFO ] 2022-10-31 18:31:32.104 [http-bio-8080-exec-2] TransactionController - Raw request data {
    "transactionId": 2,
    "trace": 1,
    "name": "1",
    "amount": 10000,
    "payDate": "2022-10-31 17:19:49"
}
[INFO ] 2022-10-31 18:31:32.151 [http-bio-8080-exec-2] TransactionServiceImpl - Begin createTransaction.
[INFO ] 2022-10-31 18:31:32.153 [http-bio-8080-exec-2] RabbitMQConfiguration - Connection creating...
[DEBUG] 2022-10-31 18:31:32.212 [http-bio-8080-exec-2] ConsumerWorkService - Creating executor service with 16 thread(s) for consumer work service
[INFO ] 2022-10-31 18:31:32.272 [http-bio-8080-exec-2] RabbitMQConfiguration - Connection created.
[INFO ] 2022-10-31 18:31:32.282 [http-bio-8080-exec-2] RabbitMQConfiguration - Channel created.
[INFO ] 2022-10-31 18:31:32.283 [http-bio-8080-exec-2] RabbitMQConfiguration - Begin call.
[INFO ] 2022-10-31 18:31:32.293 [http-bio-8080-exec-2] RabbitMQConfiguration - Reply queue setup.
[INFO ] 2022-10-31 18:31:32.305 [http-bio-8080-exec-2] RabbitMQConfiguration - Transaction sending...
[INFO ] 2022-10-31 18:31:32.313 [http-bio-8080-exec-2] RabbitMQConfiguration - Waiting for reply...
[INFO ] 2022-10-31 18:32:09.754 [http-bio-8080-exec-4] TransactionController - Begin transaction post request.
[INFO ] 2022-10-31 18:32:09.756 [http-bio-8080-exec-4] TransactionController - Raw request data {
    "transactionId": 2,
    "trace": 1,
    "name": "1",
    "amount": 10000,
    "payDate": "2022-10-31 17:19:49"
}
[INFO ] 2022-10-31 18:32:09.761 [http-bio-8080-exec-4] TransactionServiceImpl - Begin createTransaction.
[INFO ] 2022-10-31 18:32:09.761 [http-bio-8080-exec-4] RabbitMQConfiguration - Connection creating...
[DEBUG] 2022-10-31 18:32:09.765 [http-bio-8080-exec-4] ConsumerWorkService - Creating executor service with 16 thread(s) for consumer work service
[INFO ] 2022-10-31 18:32:09.773 [http-bio-8080-exec-4] RabbitMQConfiguration - Connection created.
[INFO ] 2022-10-31 18:32:09.775 [http-bio-8080-exec-4] RabbitMQConfiguration - Channel created.
[INFO ] 2022-10-31 18:32:09.775 [http-bio-8080-exec-4] RabbitMQConfiguration - Begin call.
[INFO ] 2022-10-31 18:32:09.784 [http-bio-8080-exec-4] RabbitMQConfiguration - Reply queue setup.
[INFO ] 2022-10-31 18:32:09.785 [http-bio-8080-exec-4] RabbitMQConfiguration - Transaction sending...
[INFO ] 2022-10-31 18:32:09.787 [http-bio-8080-exec-4] RabbitMQConfiguration - Waiting for reply...
[INFO ] 2022-10-31 18:32:15.503 [http-bio-8080-exec-6] TransactionController - Begin transaction post request.
[INFO ] 2022-10-31 18:32:15.503 [http-bio-8080-exec-6] TransactionController - Raw request data {
    "transactionId": 2,
    "trace": 1,
    "name": "1",
    "amount": 10000,
    "payDate": "2022-10-31 17:19:49"
}
[INFO ] 2022-10-31 18:32:15.505 [http-bio-8080-exec-6] TransactionServiceImpl - Begin createTransaction.
[INFO ] 2022-10-31 18:32:15.506 [http-bio-8080-exec-6] RabbitMQConfiguration - Connection creating...
[DEBUG] 2022-10-31 18:32:15.507 [http-bio-8080-exec-6] ConsumerWorkService - Creating executor service with 16 thread(s) for consumer work service
[INFO ] 2022-10-31 18:32:15.515 [http-bio-8080-exec-6] RabbitMQConfiguration - Connection created.
[INFO ] 2022-10-31 18:32:15.516 [http-bio-8080-exec-6] RabbitMQConfiguration - Channel created.
[INFO ] 2022-10-31 18:32:15.516 [http-bio-8080-exec-6] RabbitMQConfiguration - Begin call.
[INFO ] 2022-10-31 18:32:15.523 [http-bio-8080-exec-6] RabbitMQConfiguration - Reply queue setup.
[INFO ] 2022-10-31 18:32:15.524 [http-bio-8080-exec-6] RabbitMQConfiguration - Transaction sending...
[INFO ] 2022-10-31 18:32:15.528 [http-bio-8080-exec-6] RabbitMQConfiguration - Waiting for reply...
[INFO ] 2022-10-31 18:32:21.236 [http-bio-8080-exec-8] TransactionController - Begin transaction post request.
[INFO ] 2022-10-31 18:32:21.238 [http-bio-8080-exec-8] TransactionController - Raw request data {
    "transactionId": 2,
    "trace": 1,
    "name": "1",
    "amount": 10000,
    "payDate": "2022-10-31 17:19:49"
}
[INFO ] 2022-10-31 18:32:21.239 [http-bio-8080-exec-8] TransactionServiceImpl - Begin createTransaction.
[INFO ] 2022-10-31 18:32:21.240 [http-bio-8080-exec-8] RabbitMQConfiguration - Connection creating...
[DEBUG] 2022-10-31 18:32:21.241 [http-bio-8080-exec-8] ConsumerWorkService - Creating executor service with 16 thread(s) for consumer work service
[INFO ] 2022-10-31 18:32:21.248 [http-bio-8080-exec-8] RabbitMQConfiguration - Connection created.
[INFO ] 2022-10-31 18:32:21.250 [http-bio-8080-exec-8] RabbitMQConfiguration - Channel created.
[INFO ] 2022-10-31 18:32:21.251 [http-bio-8080-exec-8] RabbitMQConfiguration - Begin call.
[INFO ] 2022-10-31 18:32:21.258 [http-bio-8080-exec-8] RabbitMQConfiguration - Reply queue setup.
[INFO ] 2022-10-31 18:32:21.259 [http-bio-8080-exec-8] RabbitMQConfiguration - Transaction sending...
[INFO ] 2022-10-31 18:32:21.260 [http-bio-8080-exec-8] RabbitMQConfiguration - Waiting for reply...
[INFO ] 2022-10-31 18:34:57.585 [http-bio-8080-exec-10] TransactionController - Begin transaction post request.
[INFO ] 2022-10-31 18:34:57.586 [http-bio-8080-exec-10] TransactionController - Raw request data {
    "transactionId": 2,
    "trace": 1,
    "name": "1",
    "amount": 10000,
    "payDate": "2022-10-31 17:19:49"
}
[INFO ] 2022-10-31 18:34:57.589 [http-bio-8080-exec-10] TransactionServiceImpl - Begin createTransaction.
[INFO ] 2022-10-31 18:34:57.590 [http-bio-8080-exec-10] RabbitMQConfiguration - Connection creating...
[DEBUG] 2022-10-31 18:34:57.592 [http-bio-8080-exec-10] ConsumerWorkService - Creating executor service with 16 thread(s) for consumer work service
[INFO ] 2022-10-31 18:34:57.601 [http-bio-8080-exec-10] RabbitMQConfiguration - Connection created.
[INFO ] 2022-10-31 18:34:57.603 [http-bio-8080-exec-10] RabbitMQConfiguration - Channel created.
[INFO ] 2022-10-31 18:34:57.603 [http-bio-8080-exec-10] RabbitMQConfiguration - Begin call.
[INFO ] 2022-10-31 18:34:57.607 [http-bio-8080-exec-10] RabbitMQConfiguration - Reply queue setup.
[INFO ] 2022-10-31 18:34:57.607 [http-bio-8080-exec-10] RabbitMQConfiguration - Transaction sending...
[INFO ] 2022-10-31 18:34:57.608 [http-bio-8080-exec-10] RabbitMQConfiguration - Waiting for reply...
